2022-11-09 12:22:29.585 [Info] Clear path: /Users/dailinfeng/Desktop/小项目/锐捷网页认证登录/ruijie-auto-login/auto_login/output/ral_20221108.log
2022-11-09 12:22:29.586 [Info] Start RuijieAL
2022-11-09 12:22:29.586 [Info] Clear path: /Users/dailinfeng/Desktop/小项目/锐捷网页认证登录/ruijie-auto-login/auto_login/output/ral_20221108.log
2022-11-09 12:22:29.586 [Info] User:3210706055
2022-11-09 12:22:29.586 [Info] Clear path: /Users/dailinfeng/Desktop/小项目/锐捷网页认证登录/ruijie-auto-login/auto_login/output/ral_20221108.log
2022-11-09 12:22:29.587 [Info] Password:2441086385dlf
2022-11-09 12:22:29.587 [Info] Clear path: /Users/dailinfeng/Desktop/小项目/锐捷网页认证登录/ruijie-auto-login/auto_login/output/ral_20221108.log
2022-11-09 12:22:29.587 [Info] LogPath:/Users/dailinfeng/Desktop/小项目/锐捷网页认证登录/ruijie-auto-login/auto_login/output/ral.log
2022-11-09 12:22:33.607 [Info] Clear path: /Users/dailinfeng/Desktop/小项目/锐捷网页认证登录/ruijie-auto-login/auto_login/output/ral_20221108.log
2022-11-09 12:22:33.608 [Info] Try connect to 移动 with User 3210706055
2022-11-09 12:23:33.826 [Info] Clear path: /Users/dailinfeng/Desktop/小项目/锐捷网页认证登录/ruijie-auto-login/auto_login/output/ral_20221108.log
2022-11-09 12:23:33.831 [Info] Already online.
2022-11-09 12:24:43.949 [Info] Clear path: /Users/dailinfeng/Desktop/小项目/锐捷网页认证登录/ruijie-auto-login/auto_login/output/ral_20221108.log
2022-11-09 12:24:43.95 [Info] Already online.
2022-11-09 12:25:44.295 [Info] Clear path: /Users/dailinfeng/Desktop/小项目/锐捷网页认证登录/ruijie-auto-login/auto_login/output/ral_20221108.log
2022-11-09 12:25:44.295 [Info] Already online.
2022-11-09 12:26:44.389 [Info] Clear path: /Users/dailinfeng/Desktop/小项目/锐捷网页认证登录/ruijie-auto-login/auto_login/output/ral_20221108.log
2022-11-09 12:26:44.39 [Info] Already online.
2022-11-09 12:27:44.476 [Info] Clear path: /Users/dailinfeng/Desktop/小项目/锐捷网页认证登录/ruijie-auto-login/auto_login/output/ral_20221108.log
2022-11-09 12:27:44.477 [Info] Already online.
2022-11-09 12:28:44.564 [Info] Clear path: /Users/dailinfeng/Desktop/小项目/锐捷网页认证登录/ruijie-auto-login/auto_login/output/ral_20221108.log
2022-11-09 12:28:44.564 [Info] Already online.
2022-11-09 12:29:44.643 [Info] Clear path: /Users/dailinfeng/Desktop/小项目/锐捷网页认证登录/ruijie-auto-login/auto_login/output/ral_20221108.log
2022-11-09 12:29:44.643 [Info] Already online.
2022-11-09 12:30:44.729 [Info] Clear path: /Users/dailinfeng/Desktop/小项目/锐捷网页认证登录/ruijie-auto-login/auto_login/output/ral_20221108.log
2022-11-09 12:30:44.729 [Info] Already online.
2022-11-09 12:31:44.826 [Info] Clear path: /Users/dailinfeng/Desktop/小项目/锐捷网页认证登录/ruijie-auto-login/auto_login/output/ral_20221108.log
2022-11-09 12:31:44.827 [Info] Already online.
2022-11-09 12:32:44.902 [Info] Clear path: /Users/dailinfeng/Desktop/小项目/锐捷网页认证登录/ruijie-auto-login/auto_login/output/ral_20221108.log
2022-11-09 12:32:44.902 [Info] Already online.
2022-11-09 12:33:44.972 [Info] Clear path: /Users/dailinfeng/Desktop/小项目/锐捷网页认证登录/ruijie-auto-login/auto_login/output/ral_20221108.log
2022-11-09 12:33:44.973 [Info] Already online.
2022-11-09 12:34:45.059 [Info] Clear path: /Users/dailinfeng/Desktop/小项目/锐捷网页认证登录/ruijie-auto-login/auto_login/output/ral_20221108.log
2022-11-09 12:34:45.06 [Info] Already online.
